<?xml version="1.0" encoding="UTF-8"?>
<testng-results skipped="0" failed="0" total="1" passed="1">
  <reporter-output>
  </reporter-output>
  <suite name="Default suite" duration-ms="14077" started-at="2019-07-16T07:17:51Z" finished-at="2019-07-16T07:18:05Z">
    <groups>
    </groups>
    <test name="Default test" duration-ms="14077" started-at="2019-07-16T07:17:51Z" finished-at="2019-07-16T07:18:05Z">
      <class name="GFT.dashboard">
        <test-method status="PASS" signature="beforeClass()[pri:0, instance:GFT.dashboard@ae45eb6]" name="beforeClass" is-config="true" duration-ms="467" started-at="2019-07-16T12:47:51Z" finished-at="2019-07-16T12:47:52Z">
          <reporter-output>
          </reporter-output>
        </test-method> <!-- beforeClass -->
        <test-method status="PASS" signature="f()[pri:0, instance:GFT.dashboard@ae45eb6]" name="f" duration-ms="12951" started-at="2019-07-16T12:47:52Z" finished-at="2019-07-16T12:48:05Z">
          <reporter-output>
          </reporter-output>
        </test-method> <!-- f -->
        <test-method status="PASS" signature="afterClass()[pri:0, instance:GFT.dashboard@ae45eb6]" name="afterClass" is-config="true" duration-ms="624" started-at="2019-07-16T12:48:05Z" finished-at="2019-07-16T12:48:05Z">
          <reporter-output>
          </reporter-output>
        </test-method> <!-- afterClass -->
      </class> <!-- GFT.dashboard -->
    </test> <!-- Default test -->
  </suite> <!-- Default suite -->
</testng-results>
